50 [37296] INFO perfrun.launcher <> - Launcher main begin
58 [37296] INFO perfrun.launcher <> - MessageCatalogInit finished
59 [37296] INFO perfrun.launcher <> - Launcher instance created
59 [37296] INFO perfrun.launcher <> - argc = 7; cmdline = D:\Softwares\Intel\oneAPI\vtune\2025.10\bin64\amplxe-runss.exe --ui-output-format xml --ui-output-fd 1156 --option-file C:\Users\31948\Desktop\C++练习\并行程序设计\Vtune\Experiment1\r004hs0\config\runsa.options 
83 [37296] INFO perfrun.launcher <> - New signal handler callback was added
190 [37296] INFO perfrun.perfcollector <> - SEP tool path: D:\Softwares\Intel\oneAPI\vtune\2025.10\bin64\sep.exe
200 [37296] INFO perfrun.launcher <> - create msngr2::ICliToolContext
200 [37296] INFO perfrun.launcher <> - create file finder object
200 [37296] INFO perfrun.launcher <> - create a result directory: pattern = C:\Users\31948\Desktop\C++练习\并行程序设计\Vtune\Experiment1\r004hs0 pid = 4294967295
207 [37296] INFO perfrun.launcher <> - create data directory = C:\Users\31948\Desktop\C++练习\并行程序设计\Vtune\Experiment1\r004hs0\data.0
208 [37296] INFO perfrun.launcher <> - Creating the master collection flag
219 [37296] INFO perfrun.launcher <> - Done creating the master collection flag
219 [22956] INFO perfrun.launcher <> - plugin [remoteplug] was disabled because it doesn't support the given collection type.
220 [22956] INFO perfrun.sdk <> - Allocating TMU :C:\Users\31948\Desktop\C++练习\并行程序设计\Vtune\Experiment1\r004hs0\data.0\systemcollector-26640-Han.sc
221 [22956] INFO perfrun.launcher <> - plugin [] was disabled because it doesn't support the given collection type.
222 [22956] INFO perfrun.launcher <> - plugin [] was disabled because it doesn't support the given collection type.
222 [22956] INFO perfrun.launcher <> - plugin [gpu] was disabled because it doesn't support the given collection type.
222 [22956] INFO perfrun.launcher <> - plugin [etw.kernel] was disabled because it doesn't support the given collection type.
222 [22956] INFO perfrun.launcher <> - plugin [etw.dx] was disabled because it doesn't support the given collection type.
222 [22956] INFO perfrun.launcher <> - plugin [etw.wsa] was disabled because it doesn't support the given collection type.
222 [22956] INFO perfrun.mrte <> - system-wide mode is 0
222 [22956] INFO perfrun.mrte <> - Getting  mrte profiling environment ...
279 [22956] INFO perfrun.mrte <> - INTEL_MRTE_DATA_DIR=C:\Users\31948\Desktop\C++练习\并行程序设计\Vtune\Experiment1\r004hs0\data.0
279 [22956] INFO perfrun.mrte <> - INTEL_MRTE_HOST_NAME=Han
279 [22956] INFO perfrun.mrte <> - JAVA_TOOL_OPTIONS=-agentlib:amplxe_samplingmrte_javaprof_1.0
279 [22956] INFO perfrun.mrte <> - PATH=D:\Softwares\Intel\oneAPI\vtune\2025.10\bin32\runtime;D:\Softwares\Intel\oneAPI\vtune\2025.10\bin64\runtime;C:\Program Files (x86)\VMware\VMware Workstation\bin\;C:\Program Files\Common Files\Oracle\Java\javapath;C:\WINDOWS\system32;C:\WINDOWS;C:\WINDOWS\System32\Wbem;C:\WINDOWS\System32\WindowsPowerShell\v1.0\;C:\WINDOWS\System32\OpenSSH\;C:\Program Files (x86)\NVIDIA Corporation\PhysX\Common;D:\Softwares\Bandizip\;C:\Program Files\dotnet\;C:\mingw64\bin;C:\Program Files (x86)\Windows Kits\10\Windows Performance Toolkit\;D:\MCLDownload\ext\jre-v64-220420\jdk17\bin;D:\MCLDownload\ext\jre-v64-220420\jdk17\jre\bin;C:\Program Files (x86)\dotnet\;C:\Program Files\NVIDIA Corporation\NVIDIA App\NvDLISR;C:\masm32\bin;C:\Program Files\Microsoft Visual Studio\2022\Community\VC\Tools\MSVC\14.43.34808\bin\Hostx64\x64;;C:\Program Files\Docker\Docker\resources\bin;C:\Users\31948\Anaconda3;C:\Users\31948\Anaconda3\Library\mingw-w64\bin;C:\Users\31948\Anaconda3\Library\usr\bin;C:\Users\31948\Anaconda3\Library\bin;C:\Users\31948\Anaconda3\Scripts;D:\masm32\bin;C:\Users\31948\Microsoft VS Code\bin;C:\Program Files\JetBrains\IntelliJ IDEA 2025.3.2\bin
279 [22956] INFO perfrun.mrte <> - COR_ENABLE_PROFILING=1
279 [22956] INFO perfrun.mrte <> - COR_PROFILER={AA5E4821-E3B1-479c-B7FF-5AD047D22CED}
279 [22956] INFO perfrun.mrte <> - COMPLUS_ProfAPI_ProfilerCompatibilitySetting=EnableV2Profiler
279 [22956] INFO perfrun.mrte <> - CORECLR_ENABLE_PROFILING=1
279 [22956] INFO perfrun.mrte <> - CORECLR_PROFILER={AA5E4821-E3B1-479c-B7FF-5AD047D22CED}
279 [22956] INFO perfrun.mrte <> - CORECLR_PROFILER_PATH=D:\Softwares\Intel\oneAPI\vtune\2025.10\bin64/amplxe_samplingmrte_clrprof_1.0.dll
279 [22956] INFO perfrun.mrte <> - INTEL_MRTE_PROFILER_MODE=mixed
279 [22956] INFO perfrun.mrte <> - Data directory: C:\Users\31948\Desktop\C++练习\并行程序设计\Vtune\Experiment1\r004hs0\data.0
279 [22956] INFO perfrun.mrte <> - Mrte plugin is initialized
279 [22956] INFO perfrun.launcher <> - plugin [cuscol] was disabled because it doesn't support the given collection type.
279 [22956] INFO perfrun.launcher <> - plugin [stdsrc] was disabled because it doesn't support the given collection type.
279 [22956] INFO perfrun.launcher <> - plugin [sep] was disabled because it doesn't support the given collection type.
279 [22956] INFO perfrun.launcher <> - plugin [vtsspp] was disabled because it doesn't support the given collection type.
279 [22956] INFO perfrun.launcher <> - plugin [perf] was disabled because it doesn't support the given collection type.
279 [22956] INFO perfrun.launcher <> - plugin [aoclprofile] was disabled because it doesn't support the given collection type.
279 [22956] INFO perfrun.tpss <> - initialize tpss controller
279 [22956] INFO perfrun.launcher <> - plugin [tpss] was disabled because it doesn't support the given collection type.
279 [22956] INFO perfrun.launcher <> - plugin [] was disabled because it doesn't support the given collection type.
279 [22956] INFO perfrun.launcher <> - plugin [] was disabled because it doesn't support the given collection type.
279 [22956] INFO perfrun.launcher <> - plugin [] was disabled because it doesn't support the given collection type.
279 [22956] INFO perfrun.launcher <> - plugin [] was disabled because it doesn't support the given collection type.
279 [22956] INFO perfrun.launcher <> - plugin [power] was disabled because it doesn't support the given collection type.
279 [22956] INFO perfrun.launcher <> - plugin [] was disabled because it doesn't support the given collection type.
279 [22956] INFO perfrun.launcher <> - plugin [] was disabled because it doesn't support the given collection type.
280 [22956] INFO perfrun.launcher <> - plugin [] was disabled because it doesn't support the given collection type.
280 [22956] INFO perfrun.launcher <> - plugin [l0_metrics] was disabled because it doesn't support the given collection type.
280 [22956] INFO perfrun.launcher <> - plugin [stall_reasons] was disabled because it doesn't support the given collection type.
280 [37296] INFO perfrun.launcher <> - set environment variable: PATH = D:\Softwares\Intel\oneAPI\vtune\2025.10\bin32\runtime;D:\Softwares\Intel\oneAPI\vtune\2025.10\bin64\runtime;C:\Program Files (x86)\VMware\VMware Workstation\bin\;C:\Program Files\Common Files\Oracle\Java\javapath;C:\WINDOWS\system32;C:\WINDOWS;C:\WINDOWS\System32\Wbem;C:\WINDOWS\System32\WindowsPowerShell\v1.0\;C:\WINDOWS\System32\OpenSSH\;C:\Program Files (x86)\NVIDIA Corporation\PhysX\Common;D:\Softwares\Bandizip\;C:\Program Files\dotnet\;C:\mingw64\bin;C:\Program Files (x86)\Windows Kits\10\Windows Performance Toolkit\;D:\MCLDownload\ext\jre-v64-220420\jdk17\bin;D:\MCLDownload\ext\jre-v64-220420\jdk17\jre\bin;C:\Program Files (x86)\dotnet\;C:\Program Files\NVIDIA Corporation\NVIDIA App\NvDLISR;C:\masm32\bin;C:\Program Files\Microsoft Visual Studio\2022\Community\VC\Tools\MSVC\14.43.34808\bin\Hostx64\x64;;C:\Program Files\Docker\Docker\resources\bin;C:\Users\31948\Anaconda3;C:\Users\31948\Anaconda3\Library\mingw-w64\bin;C:\Users\31948\Anaconda3\Library\usr\bin;C:\Users\31948\Anaconda3\Library\bin;C:\Users\31948\Anaconda3\Scripts;D:\masm32\bin;C:\Users\31948\Microsoft VS Code\bin;C:\Program Files\JetBrains\IntelliJ IDEA 2025.3.2\bin
280 [37296] INFO perfrun.launcher <> - set environment variable: INTEL_LIBITTNOTIFY32 = D:\Softwares\Intel\oneAPI\vtune\2025.10\bin32\runtime\ittnotify_collector.dll
280 [37296] INFO perfrun.launcher <> - set environment variable: INTEL_LIBITTNOTIFY64 = D:\Softwares\Intel\oneAPI\vtune\2025.10\bin64\runtime\ittnotify_collector.dll
280 [37296] INFO perfrun.launcher <> - set environment variable: INTEL_ITTNOTIFY_GROUPS = 
280 [37296] INFO perfrun.launcher <> - set environment variable: INTEL_JIT_PROFILER32 = D:\Softwares\Intel\oneAPI\vtune\2025.10\bin32\runtime\ittnotify_collector.dll
280 [37296] INFO perfrun.launcher <> - set environment variable: INTEL_JIT_PROFILER64 = D:\Softwares\Intel\oneAPI\vtune\2025.10\bin64\runtime\ittnotify_collector.dll
280 [37296] INFO perfrun.launcher <> - set environment variable: CCL_ITT_LEVEL = 1
280 [37296] INFO perfrun.launcher <> - set environment variable: ENABLE_JITPROFILING = 1
280 [37296] INFO perfrun.launcher <> - set environment variable: CL_CONFIG_USE_VTUNE = True
280 [37296] INFO perfrun.launcher <> - set environment variable: KMP_FORKJOIN_FRAMES = 0
280 [37296] INFO perfrun.launcher <> - set environment variable: KMP_FORKJOIN_FRAMES_MODE = 0
280 [37296] INFO perfrun.launcher <> - set environment variable: INTEL_MRTE_DATA_DIR = C:\Users\31948\Desktop\C++练习\并行程序设计\Vtune\Experiment1\r004hs0\data.0
280 [37296] INFO perfrun.launcher <> - set environment variable: INTEL_MRTE_HOST_NAME = Han
281 [37296] INFO perfrun.launcher <> - set environment variable: JAVA_TOOL_OPTIONS = -agentlib:amplxe_samplingmrte_javaprof_1.0
281 [37296] INFO perfrun.launcher <> - set environment variable: PATH = D:\Softwares\Intel\oneAPI\vtune\2025.10\bin32\runtime;D:\Softwares\Intel\oneAPI\vtune\2025.10\bin64\runtime;C:\Program Files (x86)\VMware\VMware Workstation\bin\;C:\Program Files\Common Files\Oracle\Java\javapath;C:\WINDOWS\system32;C:\WINDOWS;C:\WINDOWS\System32\Wbem;C:\WINDOWS\System32\WindowsPowerShell\v1.0\;C:\WINDOWS\System32\OpenSSH\;C:\Program Files (x86)\NVIDIA Corporation\PhysX\Common;D:\Softwares\Bandizip\;C:\Program Files\dotnet\;C:\mingw64\bin;C:\Program Files (x86)\Windows Kits\10\Windows Performance Toolkit\;D:\MCLDownload\ext\jre-v64-220420\jdk17\bin;D:\MCLDownload\ext\jre-v64-220420\jdk17\jre\bin;C:\Program Files (x86)\dotnet\;C:\Program Files\NVIDIA Corporation\NVIDIA App\NvDLISR;C:\masm32\bin;C:\Program Files\Microsoft Visual Studio\2022\Community\VC\Tools\MSVC\14.43.34808\bin\Hostx64\x64;;C:\Program Files\Docker\Docker\resources\bin;C:\Users\31948\Anaconda3;C:\Users\31948\Anaconda3\Library\mingw-w64\bin;C:\Users\31948\Anaconda3\Library\usr\bin;C:\Users\31948\Anaconda3\Library\bin;C:\Users\31948\Anaconda3\Scripts;D:\masm32\bin;C:\Users\31948\Microsoft VS Code\bin;C:\Program Files\JetBrains\IntelliJ IDEA 2025.3.2\bin
281 [37296] INFO perfrun.launcher <> - set environment variable: COR_ENABLE_PROFILING = 1
281 [37296] INFO perfrun.launcher <> - set environment variable: COR_PROFILER = {AA5E4821-E3B1-479c-B7FF-5AD047D22CED}
281 [37296] INFO perfrun.launcher <> - set environment variable: COMPLUS_ProfAPI_ProfilerCompatibilitySetting = EnableV2Profiler
281 [37296] INFO perfrun.launcher <> - set environment variable: CORECLR_ENABLE_PROFILING = 1
281 [37296] INFO perfrun.launcher <> - set environment variable: CORECLR_PROFILER = {AA5E4821-E3B1-479c-B7FF-5AD047D22CED}
281 [37296] INFO perfrun.launcher <> - set environment variable: CORECLR_PROFILER_PATH = D:\Softwares\Intel\oneAPI\vtune\2025.10\bin64/amplxe_samplingmrte_clrprof_1.0.dll
281 [37296] INFO perfrun.launcher <> - set environment variable: INTEL_MRTE_PROFILER_MODE = mixed
281 [37296] INFO perfrun.launcher <> - RpcServer: run RPC server to handle requests
296 [37296] INFO perfrun.sdk <> - IProcessUtil: the given executable 'C:\Users\31948\Desktop\C++练习\并行程序设计\CPU架构编程\Main_1.exe' is valid.
296 [37296] INFO perfrun.launcher <> - Launcher: command line to start before modification = C:\Users\31948\Desktop\C++练习\并行程序设计\CPU架构编程\Main_1.exe
296 [37296] INFO perfrun.launcher <> - Launcher: command line to start after modification = C:\Users\31948\Desktop\C++练习\并行程序设计\CPU架构编程\Main_1.exe
296 [37296] INFO perfrun.launcher <> - ProcessCreator object was created
305 [37296] INFO perfrun.launcher <> - Launcher: the process was started in suspend mode
309 [22956] INFO perfrun.itt <> - start itt controller for pid #29520
313 [22956] INFO perfrun.sdk <> - runCmd: D:\Softwares\Intel\oneAPI\vtune\2025.10\bin64\emon.exe -M
320 [22956] INFO perfrun.sdk <> - runCmd started PID 3484
604 [22956] INFO perfrun.sdk <> - runCmd: D:\Softwares\Intel\oneAPI\vtune\2025.10\bin64\emon.exe -v
609 [22956] INFO perfrun.sdk <> - runCmd started PID 29240
773 [22956] INFO perfrun.sdk <> - runCmd: D:\Softwares\Intel\oneAPI\vtune\2025.10\bin64\sep.exe -dry-run -ec CPU_CLK_UNHALTED.DISTRIBUTED:sa=2000003:precise=yes,CPU_CLK_UNHALTED.REF_TSC:sample:sa=2000003:precise=yes,CPU_CLK_UNHALTED.THREAD:sa=2000003:precise=yes,FP_ARITH_INST_RETIRED.128B_PACKED_DOUBLE:sa=100003:precise=yes,FP_ARITH_INST_RETIRED.128B_PACKED_SINGLE:sa=100003:precise=yes,FP_ARITH_INST_RETIRED.256B_PACKED_DOUBLE:sa=100003:precise=yes,FP_ARITH_INST_RETIRED.256B_PACKED_SINGLE:sa=100003:precise=yes,FP_ARITH_INST_RETIRED.SCALAR_DOUBLE:sa=100003:precise=yes,FP_ARITH_INST_RETIRED.SCALAR_SINGLE:sa=100003:precise=yes,INST_RETIRED.ANY:sample:sa=2000003:precise=yes,MEM_LOAD_RETIRED.L1_HIT:sa=1000003:precise=no,MEM_LOAD_RETIRED.L1_MISS:sa=200003:precise=no,MEM_LOAD_RETIRED.L2_HIT:sa=200003:precise=no,MEM_LOAD_RETIRED.L2_MISS:sa=100021:precise=no,MEM_LOAD_RETIRED.L3_HIT:sa=100021:precise=no,MEM_LOAD_RETIRED.L3_MISS:sa=50021:precise=no,TOPDOWN.SLOTS:sample:sa=10000003:precise=yes,TOPDOWN.SLOTS_P:sample:sa=10000003:precise=yes,TOPDOWN_RETIRING.ALL:sample:sa=1000003:precise=yes,TOPDOWN_RETIRING.ALL_P:sample:sa=2000003,UOPS_EXECUTED.THREAD:sa=2000003:precise=yes,UOPS_EXECUTED.X87:sa=2000003:precise=yes,UOPS_RETIRED.SLOTS:sample:sa=2000003:precise=yes,MEM_LOAD_RETIRED.FB_HIT:sa=100007:precise=no -experimental
781 [22956] INFO perfrun.sdk <> - runCmd started PID 34732
950 [22956] INFO perfrun.sdk <> - runCmd: D:\Softwares\Intel\oneAPI\vtune\2025.10\bin64\emon.exe -u -t 0.010 -l0 -A -C CPU_CLK_UNHALTED.DISTRIBUTED:sa=2000003:precise=yes,CPU_CLK_UNHALTED.REF_TSC:sample:sa=2000003:precise=yes,CPU_CLK_UNHALTED.THREAD:sa=2000003:precise=yes,FP_ARITH_INST_RETIRED.128B_PACKED_DOUBLE:sa=100003:precise=yes,FP_ARITH_INST_RETIRED.128B_PACKED_SINGLE:sa=100003:precise=yes,FP_ARITH_INST_RETIRED.256B_PACKED_DOUBLE:sa=100003:precise=yes,FP_ARITH_INST_RETIRED.256B_PACKED_SINGLE:sa=100003:precise=yes,FP_ARITH_INST_RETIRED.SCALAR_DOUBLE:sa=100003:precise=yes,FP_ARITH_INST_RETIRED.SCALAR_SINGLE:sa=100003:precise=yes,INST_RETIRED.ANY:sample:sa=2000003:precise=yes,MEM_LOAD_RETIRED.FB_HIT:sa=100007:precise=no,MEM_LOAD_RETIRED.L1_HIT:sa=1000003:precise=no,MEM_LOAD_RETIRED.L1_MISS:sa=200003:precise=no,MEM_LOAD_RETIRED.L2_HIT:sa=200003:precise=no,MEM_LOAD_RETIRED.L2_MISS:sa=100021:precise=no,MEM_LOAD_RETIRED.L3_HIT:sa=100021:precise=no,MEM_LOAD_RETIRED.L3_MISS:sa=50021:precise=no,TOPDOWN.SLOTS:sample:sa=10000003:precise=yes,TOPDOWN.SLOTS_P:sample:sa=10000003:precise=yes,TOPDOWN_RETIRING.ALL:sample:sa=1000003:precise=yes,TOPDOWN_RETIRING.ALL_P,UOPS_EXECUTED.THREAD:sa=2000003:precise=yes,UOPS_EXECUTED.X87:sa=2000003:precise=yes,UOPS_RETIRED.SLOTS:sample:sa=2000003:precise=yes -f C:\Users\31948\Desktop\C++练习\并行程序设计\Vtune\Experiment1\r004hs0\data.0\emon.0.emon -experimental
959 [22956] INFO perfrun.sdk <> - runCmd started PID 55204
959 [22956] INFO perfrun.emon <> - Waiting trace file creation: C:\Users\31948\Desktop\C++练习\并行程序设计\Vtune\Experiment1\r004hs0\data.0\emon.0.emon
1174 [22956] INFO perfrun.emon <> - trace file was found
1174 [37296] INFO perfrun.launcher <> - Launcher: all plugins were started
1174 [37296] INFO perfrun.launcher <> - DirectoryMonitor object was created
1174 [37296] INFO perfrun.launcher <> - DirectoryMonitor: a callback was added
1174 [37296] INFO perfrun.launcher <> - DirectoryMonitor was started with pingTime = 1000
1174 [37296] INFO perfrun.launcher <> - DeadlineTimer is going to be constructed
1174 [37296] INFO perfrun.launcher <> - DeadlineTimer: a callback was added
1185 [37296] INFO perfrun.launcher <> - Launcher: resume the profiled application and  wait its termination or stop command
1346 [37296] INFO perfrun.launcher <> - Launcher: the profiled application was terminated  with exit code = 0
1371 [22956] WARN perfrun.system <> - Only 2 usec accuracy achieved for reference point, at file: vcs\perfrun1\plugins\system\src\trace_writer.cpp:324
1383 [22956] INFO perfrun.itt <> - detach itt controller
1383 [22956] INFO perfrun.itt <> - detach itt controller done
1383 [22956] INFO perfrun.sdk <> - runCmd: D:\Softwares\Intel\oneAPI\vtune\2025.10\bin64\emon.exe -stop
1389 [22956] INFO perfrun.sdk <> - runCmd started PID 35052
1666 [22956] INFO perfrun.emon <> - EMON collector successfully stopped.

1666 [22956] INFO perfrun.emon <> - Waiting for main Emon process (55204) to finish...
1721 [22956] INFO perfrun.emon <> - Main Emon process finished
1721 [22956] INFO perfrun.sdk <> - De-allocating TMU: C:\Users\31948\Desktop\C++练习\并行程序设计\Vtune\Experiment1\r004hs0\data.0\systemcollector-26640-Han.sc
1732 [22956] INFO perfrun.system <> - closed the system trace file: C:\Users\31948\Desktop\C++练习\并行程序设计\Vtune\Experiment1\r004hs0\data.0\systemcollector-26640-Han.sc
1733 [37296] INFO perfrun.launcher <> - Launcher: all plugins were stopped.
1733 [37296] INFO perfrun.launcher <> - DeadlineTimer is going to be destroyed
1733 [37296] INFO perfrun.launcher <> - DeadlineTimer was destroyed
1733 [37296] INFO perfrun.launcher <> - DirectoryMonitor object was destroyed
1733 [37296] WARN perfrun.launcher <> - Stop command is ignored because it is received when collection is already stopped, at file: vcs\perfrun1\launcher\src\command_handler.cpp:226
1734 [37296] INFO perfrun.launcher <> - Application exit code: 0
1734 [37296] INFO perfrun.launcher <> - Exit code: 0
