48 [19084] INFO perfrun.launcher <> - Launcher main begin
56 [19084] INFO perfrun.launcher <> - MessageCatalogInit finished
56 [19084] INFO perfrun.launcher <> - Launcher instance created
56 [19084] INFO perfrun.launcher <> - argc = 7; cmdline = D:\Softwares\Intel\oneAPI\vtune\2025.10\bin64\amplxe-runss.exe --ui-output-format xml --ui-output-fd 1468 --option-file C:\Users\31948\Desktop\C++练习\并行程序设计\Vtune\Experiment1\r001hs0\config\runsa.options 
71 [19084] INFO perfrun.launcher <> - New signal handler callback was added
181 [19084] INFO perfrun.perfcollector <> - SEP tool path: D:\Softwares\Intel\oneAPI\vtune\2025.10\bin64\sep.exe
191 [19084] INFO perfrun.launcher <> - create msngr2::ICliToolContext
192 [19084] INFO perfrun.launcher <> - create file finder object
192 [19084] INFO perfrun.launcher <> - create a result directory: pattern = C:\Users\31948\Desktop\C++练习\并行程序设计\Vtune\Experiment1\r001hs0 pid = 4294967295
198 [19084] INFO perfrun.launcher <> - create data directory = C:\Users\31948\Desktop\C++练习\并行程序设计\Vtune\Experiment1\r001hs0\data.0
199 [19084] INFO perfrun.launcher <> - Creating the master collection flag
210 [19084] INFO perfrun.launcher <> - Done creating the master collection flag
210 [28000] INFO perfrun.launcher <> - plugin [remoteplug] was disabled because it doesn't support the given collection type.
210 [28000] INFO perfrun.sdk <> - Allocating TMU :C:\Users\31948\Desktop\C++练习\并行程序设计\Vtune\Experiment1\r001hs0\data.0\systemcollector-35744-Han.sc
211 [28000] INFO perfrun.launcher <> - plugin [] was disabled because it doesn't support the given collection type.
212 [28000] INFO perfrun.launcher <> - plugin [] was disabled because it doesn't support the given collection type.
212 [28000] INFO perfrun.launcher <> - plugin [gpu] was disabled because it doesn't support the given collection type.
212 [28000] INFO perfrun.launcher <> - plugin [etw.kernel] was disabled because it doesn't support the given collection type.
212 [28000] INFO perfrun.launcher <> - plugin [etw.dx] was disabled because it doesn't support the given collection type.
212 [28000] INFO perfrun.launcher <> - plugin [etw.wsa] was disabled because it doesn't support the given collection type.
212 [28000] INFO perfrun.mrte <> - system-wide mode is 0
212 [28000] INFO perfrun.mrte <> - Getting  mrte profiling environment ...
270 [28000] INFO perfrun.mrte <> - INTEL_MRTE_DATA_DIR=C:\Users\31948\Desktop\C++练习\并行程序设计\Vtune\Experiment1\r001hs0\data.0
270 [28000] INFO perfrun.mrte <> - INTEL_MRTE_HOST_NAME=Han
270 [28000] INFO perfrun.mrte <> - JAVA_TOOL_OPTIONS=-agentlib:amplxe_samplingmrte_javaprof_1.0
270 [28000] INFO perfrun.mrte <> - PATH=D:\Softwares\Intel\oneAPI\vtune\2025.10\bin32\runtime;D:\Softwares\Intel\oneAPI\vtune\2025.10\bin64\runtime;C:\Program Files (x86)\VMware\VMware Workstation\bin\;C:\Program Files\Common Files\Oracle\Java\javapath;C:\WINDOWS\system32;C:\WINDOWS;C:\WINDOWS\System32\Wbem;C:\WINDOWS\System32\WindowsPowerShell\v1.0\;C:\WINDOWS\System32\OpenSSH\;C:\Program Files (x86)\NVIDIA Corporation\PhysX\Common;D:\Softwares\Bandizip\;C:\Program Files\dotnet\;C:\mingw64\bin;C:\Program Files (x86)\Windows Kits\10\Windows Performance Toolkit\;D:\MCLDownload\ext\jre-v64-220420\jdk17\bin;D:\MCLDownload\ext\jre-v64-220420\jdk17\jre\bin;C:\Program Files (x86)\dotnet\;C:\Program Files\NVIDIA Corporation\NVIDIA App\NvDLISR;C:\masm32\bin;C:\Program Files\Microsoft Visual Studio\2022\Community\VC\Tools\MSVC\14.43.34808\bin\Hostx64\x64;;C:\Program Files\Docker\Docker\resources\bin;C:\Users\31948\Anaconda3;C:\Users\31948\Anaconda3\Library\mingw-w64\bin;C:\Users\31948\Anaconda3\Library\usr\bin;C:\Users\31948\Anaconda3\Library\bin;C:\Users\31948\Anaconda3\Scripts;D:\masm32\bin;C:\Users\31948\Microsoft VS Code\bin;C:\Program Files\JetBrains\IntelliJ IDEA 2025.3.2\bin
270 [28000] INFO perfrun.mrte <> - COR_ENABLE_PROFILING=1
270 [28000] INFO perfrun.mrte <> - COR_PROFILER={AA5E4821-E3B1-479c-B7FF-5AD047D22CED}
270 [28000] INFO perfrun.mrte <> - COMPLUS_ProfAPI_ProfilerCompatibilitySetting=EnableV2Profiler
270 [28000] INFO perfrun.mrte <> - CORECLR_ENABLE_PROFILING=1
270 [28000] INFO perfrun.mrte <> - CORECLR_PROFILER={AA5E4821-E3B1-479c-B7FF-5AD047D22CED}
270 [28000] INFO perfrun.mrte <> - CORECLR_PROFILER_PATH=D:\Softwares\Intel\oneAPI\vtune\2025.10\bin64/amplxe_samplingmrte_clrprof_1.0.dll
270 [28000] INFO perfrun.mrte <> - INTEL_MRTE_PROFILER_MODE=mixed
270 [28000] INFO perfrun.mrte <> - Data directory: C:\Users\31948\Desktop\C++练习\并行程序设计\Vtune\Experiment1\r001hs0\data.0
270 [28000] INFO perfrun.mrte <> - Mrte plugin is initialized
270 [28000] INFO perfrun.launcher <> - plugin [emon] was disabled because it doesn't support the given collection type.
270 [28000] INFO perfrun.launcher <> - plugin [cuscol] was disabled because it doesn't support the given collection type.
271 [28000] INFO perfrun.launcher <> - plugin [stdsrc] was disabled because it doesn't support the given collection type.
271 [28000] INFO perfrun.sdk <> - runCmd: D:\Softwares\Intel\oneAPI\vtune\2025.10\bin64\sep.exe -dry-run -ec CPU_CLK_UNHALTED.DISTRIBUTED:sa=2000003:precise=yes,CPU_CLK_UNHALTED.REF_TSC:sample:sa=2000003:precise=yes,CPU_CLK_UNHALTED.THREAD:sa=2000003:precise=yes,FP_ARITH_INST_RETIRED.128B_PACKED_DOUBLE:sa=100003:precise=yes,FP_ARITH_INST_RETIRED.128B_PACKED_SINGLE:sa=100003:precise=yes,FP_ARITH_INST_RETIRED.256B_PACKED_DOUBLE:sa=100003:precise=yes,FP_ARITH_INST_RETIRED.256B_PACKED_SINGLE:sa=100003:precise=yes,FP_ARITH_INST_RETIRED.SCALAR_DOUBLE:sa=100003:precise=yes,FP_ARITH_INST_RETIRED.SCALAR_SINGLE:sa=100003:precise=yes,INST_RETIRED.ANY:sample:sa=2000003:precise=yes,TOPDOWN.SLOTS:sample:sa=10000003:precise=yes,TOPDOWN.SLOTS_P:sample:sa=10000003:precise=yes,TOPDOWN_RETIRING.ALL:sample:sa=1000003:precise=yes,TOPDOWN_RETIRING.ALL_P:sample:sa=2000003,UOPS_EXECUTED.THREAD:sa=2000003:precise=yes,UOPS_EXECUTED.X87:sa=2000003:precise=yes,UOPS_RETIRED.SLOTS:sample:sa=2000003:precise=yes,MEM_LOAD_RETIRED.L1_HIT:sa=1000003:precise=yes,MEM_LOAD_RETIRED.L1_MISS:sa=200003:precise=yes,MEM_LOAD_RETIRED.L2_HIT:sa=200003:precise=yes,MEM_LOAD_RETIRED.L2_MISS:sa=100021:precise=yes,MEM_LOAD_RETIRED.L3_HIT:sa=100021:precise=yes,MEM_LOAD_RETIRED.L3_MISS:sa=50021:precise=yes -experimental
281 [28000] INFO perfrun.sdk <> - runCmd started PID 53628
591 [28000] INFO perfrun.launcher <> - plugin [vtsspp] was disabled because it doesn't support the given collection type.
591 [28000] INFO perfrun.launcher <> - plugin [perf] was disabled because it doesn't support the given collection type.
591 [28000] INFO perfrun.launcher <> - plugin [aoclprofile] was disabled because it doesn't support the given collection type.
591 [28000] INFO perfrun.tpss <> - initialize tpss controller
591 [28000] INFO perfrun.launcher <> - plugin [tpss] was disabled because it doesn't support the given collection type.
591 [28000] INFO perfrun.launcher <> - plugin [] was disabled because it doesn't support the given collection type.
591 [28000] INFO perfrun.launcher <> - plugin [] was disabled because it doesn't support the given collection type.
591 [28000] INFO perfrun.launcher <> - plugin [] was disabled because it doesn't support the given collection type.
591 [28000] INFO perfrun.launcher <> - plugin [] was disabled because it doesn't support the given collection type.
591 [28000] INFO perfrun.launcher <> - plugin [power] was disabled because it doesn't support the given collection type.
592 [28000] INFO perfrun.launcher <> - plugin [] was disabled because it doesn't support the given collection type.
592 [28000] INFO perfrun.launcher <> - plugin [] was disabled because it doesn't support the given collection type.
592 [28000] INFO perfrun.launcher <> - plugin [] was disabled because it doesn't support the given collection type.
592 [28000] INFO perfrun.launcher <> - plugin [l0_metrics] was disabled because it doesn't support the given collection type.
592 [28000] INFO perfrun.launcher <> - plugin [stall_reasons] was disabled because it doesn't support the given collection type.
592 [19084] INFO perfrun.launcher <> - set environment variable: PATH = D:\Softwares\Intel\oneAPI\vtune\2025.10\bin32\runtime;D:\Softwares\Intel\oneAPI\vtune\2025.10\bin64\runtime;C:\Program Files (x86)\VMware\VMware Workstation\bin\;C:\Program Files\Common Files\Oracle\Java\javapath;C:\WINDOWS\system32;C:\WINDOWS;C:\WINDOWS\System32\Wbem;C:\WINDOWS\System32\WindowsPowerShell\v1.0\;C:\WINDOWS\System32\OpenSSH\;C:\Program Files (x86)\NVIDIA Corporation\PhysX\Common;D:\Softwares\Bandizip\;C:\Program Files\dotnet\;C:\mingw64\bin;C:\Program Files (x86)\Windows Kits\10\Windows Performance Toolkit\;D:\MCLDownload\ext\jre-v64-220420\jdk17\bin;D:\MCLDownload\ext\jre-v64-220420\jdk17\jre\bin;C:\Program Files (x86)\dotnet\;C:\Program Files\NVIDIA Corporation\NVIDIA App\NvDLISR;C:\masm32\bin;C:\Program Files\Microsoft Visual Studio\2022\Community\VC\Tools\MSVC\14.43.34808\bin\Hostx64\x64;;C:\Program Files\Docker\Docker\resources\bin;C:\Users\31948\Anaconda3;C:\Users\31948\Anaconda3\Library\mingw-w64\bin;C:\Users\31948\Anaconda3\Library\usr\bin;C:\Users\31948\Anaconda3\Library\bin;C:\Users\31948\Anaconda3\Scripts;D:\masm32\bin;C:\Users\31948\Microsoft VS Code\bin;C:\Program Files\JetBrains\IntelliJ IDEA 2025.3.2\bin
592 [19084] INFO perfrun.launcher <> - set environment variable: INTEL_LIBITTNOTIFY32 = D:\Softwares\Intel\oneAPI\vtune\2025.10\bin32\runtime\ittnotify_collector.dll
592 [19084] INFO perfrun.launcher <> - set environment variable: INTEL_LIBITTNOTIFY64 = D:\Softwares\Intel\oneAPI\vtune\2025.10\bin64\runtime\ittnotify_collector.dll
592 [19084] INFO perfrun.launcher <> - set environment variable: INTEL_ITTNOTIFY_GROUPS = 
592 [19084] INFO perfrun.launcher <> - set environment variable: INTEL_JIT_PROFILER32 = D:\Softwares\Intel\oneAPI\vtune\2025.10\bin32\runtime\ittnotify_collector.dll
592 [19084] INFO perfrun.launcher <> - set environment variable: INTEL_JIT_PROFILER64 = D:\Softwares\Intel\oneAPI\vtune\2025.10\bin64\runtime\ittnotify_collector.dll
592 [19084] INFO perfrun.launcher <> - set environment variable: CCL_ITT_LEVEL = 1
592 [19084] INFO perfrun.launcher <> - set environment variable: ENABLE_JITPROFILING = 1
592 [19084] INFO perfrun.launcher <> - set environment variable: CL_CONFIG_USE_VTUNE = True
592 [19084] INFO perfrun.launcher <> - set environment variable: KMP_FORKJOIN_FRAMES = 0
592 [19084] INFO perfrun.launcher <> - set environment variable: KMP_FORKJOIN_FRAMES_MODE = 0
592 [19084] INFO perfrun.launcher <> - set environment variable: INTEL_MRTE_DATA_DIR = C:\Users\31948\Desktop\C++练习\并行程序设计\Vtune\Experiment1\r001hs0\data.0
592 [19084] INFO perfrun.launcher <> - set environment variable: INTEL_MRTE_HOST_NAME = Han
593 [19084] INFO perfrun.launcher <> - set environment variable: JAVA_TOOL_OPTIONS = -agentlib:amplxe_samplingmrte_javaprof_1.0
593 [19084] INFO perfrun.launcher <> - set environment variable: PATH = D:\Softwares\Intel\oneAPI\vtune\2025.10\bin32\runtime;D:\Softwares\Intel\oneAPI\vtune\2025.10\bin64\runtime;C:\Program Files (x86)\VMware\VMware Workstation\bin\;C:\Program Files\Common Files\Oracle\Java\javapath;C:\WINDOWS\system32;C:\WINDOWS;C:\WINDOWS\System32\Wbem;C:\WINDOWS\System32\WindowsPowerShell\v1.0\;C:\WINDOWS\System32\OpenSSH\;C:\Program Files (x86)\NVIDIA Corporation\PhysX\Common;D:\Softwares\Bandizip\;C:\Program Files\dotnet\;C:\mingw64\bin;C:\Program Files (x86)\Windows Kits\10\Windows Performance Toolkit\;D:\MCLDownload\ext\jre-v64-220420\jdk17\bin;D:\MCLDownload\ext\jre-v64-220420\jdk17\jre\bin;C:\Program Files (x86)\dotnet\;C:\Program Files\NVIDIA Corporation\NVIDIA App\NvDLISR;C:\masm32\bin;C:\Program Files\Microsoft Visual Studio\2022\Community\VC\Tools\MSVC\14.43.34808\bin\Hostx64\x64;;C:\Program Files\Docker\Docker\resources\bin;C:\Users\31948\Anaconda3;C:\Users\31948\Anaconda3\Library\mingw-w64\bin;C:\Users\31948\Anaconda3\Library\usr\bin;C:\Users\31948\Anaconda3\Library\bin;C:\Users\31948\Anaconda3\Scripts;D:\masm32\bin;C:\Users\31948\Microsoft VS Code\bin;C:\Program Files\JetBrains\IntelliJ IDEA 2025.3.2\bin
593 [19084] INFO perfrun.launcher <> - set environment variable: COR_ENABLE_PROFILING = 1
593 [19084] INFO perfrun.launcher <> - set environment variable: COR_PROFILER = {AA5E4821-E3B1-479c-B7FF-5AD047D22CED}
593 [19084] INFO perfrun.launcher <> - set environment variable: COMPLUS_ProfAPI_ProfilerCompatibilitySetting = EnableV2Profiler
593 [19084] INFO perfrun.launcher <> - set environment variable: CORECLR_ENABLE_PROFILING = 1
593 [19084] INFO perfrun.launcher <> - set environment variable: CORECLR_PROFILER = {AA5E4821-E3B1-479c-B7FF-5AD047D22CED}
593 [19084] INFO perfrun.launcher <> - set environment variable: CORECLR_PROFILER_PATH = D:\Softwares\Intel\oneAPI\vtune\2025.10\bin64/amplxe_samplingmrte_clrprof_1.0.dll
593 [19084] INFO perfrun.launcher <> - set environment variable: INTEL_MRTE_PROFILER_MODE = mixed
593 [19084] INFO perfrun.launcher <> - RpcServer: run RPC server to handle requests
607 [19084] INFO perfrun.sdk <> - IProcessUtil: the given executable 'C:\Users\31948\Desktop\C++练习\并行程序设计\CPU架构编程\Main_1.exe' is valid.
607 [19084] INFO perfrun.launcher <> - Launcher: command line to start before modification = C:\Users\31948\Desktop\C++练习\并行程序设计\CPU架构编程\Main_1.exe
608 [19084] INFO perfrun.launcher <> - Launcher: command line to start after modification = C:\Users\31948\Desktop\C++练习\并行程序设计\CPU架构编程\Main_1.exe
608 [19084] INFO perfrun.launcher <> - ProcessCreator object was created
619 [19084] INFO perfrun.launcher <> - Launcher: the process was started in suspend mode
620 [28000] INFO perfrun.itt <> - start itt controller for pid #60376
620 [28000] INFO perfrun.sdk <> - runCmd: D:\Softwares\Intel\oneAPI\vtune\2025.10\bin64\sep.exe -start -experimental -uem timer=10 -em factor=5 -p-state trigger=CPU_CLK_UNHALTED.REF_TSC -out C:\Users\31948\Desktop\C++练习\并行程序设计\Vtune\Experiment1\r001hs0\data.0\sep6d60.20260403T193652.528051 -ec INST_RETIRED.ANY:sample:sa=2000003:precise=yes,CPU_CLK_UNHALTED.THREAD:sa=2000003:precise=yes,CPU_CLK_UNHALTED.REF_TSC:sample:sa=2000003:precise=yes,MEM_LOAD_RETIRED.L1_HIT:sa=1000003:precise=yes,MEM_LOAD_RETIRED.L1_MISS:sa=200003:precise=yes,MEM_LOAD_RETIRED.L2_HIT:sa=200003:precise=yes,MEM_LOAD_RETIRED.L2_MISS:sa=100021:precise=yes,CPU_CLK_UNHALTED.DISTRIBUTED:sa=2000003:precise=yes,FP_ARITH_INST_RETIRED.128B_PACKED_DOUBLE:sa=100003:precise=yes,FP_ARITH_INST_RETIRED.128B_PACKED_SINGLE:sa=100003:precise=yes,FP_ARITH_INST_RETIRED.256B_PACKED_DOUBLE:sa=100003:precise=yes,MEM_LOAD_RETIRED.L3_HIT:sa=100021:precise=yes,MEM_LOAD_RETIRED.L3_MISS:sa=50021:precise=yes,FP_ARITH_INST_RETIRED.256B_PACKED_SINGLE:sa=100003:precise=yes,FP_ARITH_INST_RETIRED.SCALAR_DOUBLE:sa=100003:precise=yes,FP_ARITH_INST_RETIRED.SCALAR_SINGLE:sa=100003:precise=yes,TOPDOWN.SLOTS_P:sample:sa=10000003:precise=yes,UOPS_EXECUTED.THREAD:sa=2000003:precise=yes,UOPS_EXECUTED.X87:sa=2000003:precise=yes,UOPS_RETIRED.SLOTS:sample:sa=2000003:precise=yes,TOPDOWN_RETIRING.ALL:sample:sa=1000003:precise=yes, -d 0 -uem factor=10
628 [28000] INFO perfrun.sdk <> - runCmd started PID 59024
13639 [25632] INFO perfrun.launcher <> - SignalHandler: signal #2 was caught
